0    [JavaFX Application Thread] INFO  nl.han.asd.project.client.commonclient.presentation.PresentationLayer  - login(kiuhiuhi, huoklndkffblwsv)
0    [Time-limited test] WARN  com.xebialabs.overcast.PropertiesLoader  - File C:\Users\Marius\.overcast\overcast.conf not found.
2    [Time-limited test] INFO  com.xebialabs.overcast.PropertiesLoader  - Loading from file D:\Documents\commonclient\overcast.conf
47   [Time-limited test] WARN  com.xebialabs.overcast.PropertiesLoader  - File 'overcast.conf' not found on classpath.
6519 [main] INFO  nl.han.asd.project.client.commonclient.presentation.PresentationLayer  - Registering failed!
6520 [main] INFO  nl.han.asd.project.client.commonclient.presentation.PresentationLayer  - Username already exists, registering failed.
6523 [main] INFO  nl.han.asd.project.client.commonclient.presentation.PresentationLayer  - Registering worked!
0    [JavaFX Application Thread] INFO  nl.han.asd.project.client.commonclient.presentation.PresentationLayer  - User: "tfguhijkl" login status: SUCCES
0    [JavaFX Application Thread] INFO  nl.han.asd.project.client.commonclient.presentation.PresentationLayer  - User: "fghjkhgj" login status: SUCCES
0    [JavaFX Application Thread] INFO  nl.han.asd.project.client.commonclient.presentation.PresentationLayer  - User: "fdghjhgfd" login status: SUCCES
0    [JavaFX Application Thread] INFO  nl.han.asd.project.client.commonclient.presentation.PresentationLayer  - User: "dfghkljjg" login status: SUCCES
0    [JavaFX Application Thread] INFO  nl.han.asd.project.client.commonclient.presentation.PresentationLayer  - User: "hjkhjghkh" login status: SUCCES
0    [JavaFX Application Thread] INFO  nl.han.asd.project.client.commonclient.presentation.PresentationLayer  - User: "fghjk" login status: SUCCES
0    [JavaFX Application Thread] INFO  nl.han.asd.project.client.commonclient.presentation.PresentationLayer  - User: "fghjk" login status: SUCCES
0    [JavaFX Application Thread] INFO  nl.han.asd.project.client.commonclient.presentation.PresentationLayer  - User: "ghjk" login status: SUCCES
0    [JavaFX Application Thread] INFO  nl.han.asd.project.client.commonclient.presentation.PresentationLayer  - User: "12321421" login status: SUCCES
0    [JavaFX Application Thread] INFO  nl.han.asd.project.client.commonclient.presentation.PresentationLayer  - Find contacts
1    [JavaFX Application Thread] INFO  nl.han.asd.project.client.commonclient.presentation.PresentationLayer  - Find contacts
2019 [JavaFX Application Thread] INFO  nl.han.asd.project.client.commonclient.presentation.PresentationLayer  - Find messages for user: niels
2511 [JavaFX Application Thread] INFO  nl.han.asd.project.client.commonclient.presentation.PresentationLayer  - Find messages for user: niels
3135 [JavaFX Application Thread] INFO  nl.han.asd.project.client.commonclient.presentation.PresentationLayer  - Find messages for user: niels
3425 [JavaFX Application Thread] INFO  nl.han.asd.project.client.commonclient.presentation.PresentationLayer  - Find messages for user: bram
3871 [JavaFX Application Thread] INFO  nl.han.asd.project.client.commonclient.presentation.PresentationLayer  - Find messages for user: kenny
4199 [JavaFX Application Thread] INFO  nl.han.asd.project.client.commonclient.presentation.PresentationLayer  - Find messages for user: dennis
4683 [JavaFX Application Thread] INFO  nl.han.asd.project.client.commonclient.presentation.PresentationLayer  - Find messages for user: julius
5199 [JavaFX Application Thread] INFO  nl.han.asd.project.client.commonclient.presentation.PresentationLayer  - Find messages for user: marius
8431 [JavaFX Application Thread] INFO  nl.han.asd.project.client.commonclient.presentation.PresentationLayer  - nl.han.asd.project.client.commonclient.store.Contact@4982ee51 sends to nl.han.asd.project.client.commonclient.store.Contact@641f0396the following massage:
123213213
