0    [JavaFX Application Thread] INFO  nl.han.asd.project.client.commonclient.presentation.PresentationLayer  - Testlog
8344 [JavaFX Application Thread] INFO  nl.han.asd.project.client.commonclient.presentation.PresentationLayer  - Testlog
0    [JavaFX Application Thread] INFO  nl.han.asd.project.client.commonclient.presentation.PresentationLayer  - Testlog
0    [JavaFX Application Thread] INFO  nl.han.asd.project.client.commonclient.presentation.PresentationLayer  - Testlog
0    [JavaFX Application Thread] INFO  nl.han.asd.project.client.commonclient.presentation.PresentationLayer  - User: test SUCCES
0    [JavaFX Application Thread] INFO  nl.han.asd.project.client.commonclient.presentation.PresentationLayer  - User: gtytguyg SUCCES
0    [JavaFX Application Thread] INFO  nl.han.asd.project.client.commonclient.presentation.PresentationLayer  - User: dgsg SUCCES
0    [Time-limited test] WARN  com.xebialabs.overcast.PropertiesLoader  - File C:\Users\Niels Bokmans\.overcast\overcast.conf not found.
2    [Time-limited test] INFO  com.xebialabs.overcast.PropertiesLoader  - Loading from file C:\Users\Niels Bokmans\Documents\commonclient\overcast.conf
33   [Time-limited test] WARN  com.xebialabs.overcast.PropertiesLoader  - File 'overcast.conf' not found on classpath.
5591 [main] INFO  nl.han.asd.project.client.commonclient.presentation.PresentationLayer  - Registering failed!
5591 [main] INFO  nl.han.asd.project.client.commonclient.presentation.PresentationLayer  - Username already exists, registering failed.
5592 [main] INFO  nl.han.asd.project.client.commonclient.presentation.PresentationLayer  - Registering worked!
1    [main] ERROR nl.han.asd.project.client.commonclient.connection.Connection  - Connection timed out: connect
java.net.ConnectException: Connection timed out: connect
	at java.net.DualStackPlainSocketImpl.connect0(Native Method)
	at java.net.DualStackPlainSocketImpl.socketConnect(DualStackPlainSocketImpl.java:79)
	at java.net.AbstractPlainSocketImpl.doConnect(AbstractPlainSocketImpl.java:350)
	at java.net.AbstractPlainSocketImpl.connectToAddress(AbstractPlainSocketImpl.java:206)
	at java.net.AbstractPlainSocketImpl.connect(AbstractPlainSocketImpl.java:188)
	at java.net.PlainSocketImpl.connect(PlainSocketImpl.java:172)
	at java.net.SocksSocketImpl.connect(SocksSocketImpl.java:392)
	at java.net.Socket.connect(Socket.java:589)
	at java.net.Socket.connect(Socket.java:538)
	at java.net.Socket.<init>(Socket.java:434)
	at java.net.Socket.<init>(Socket.java:211)
	at nl.han.asd.project.client.commonclient.connection.Connection.open(Connection.java:52)
	at nl.han.asd.project.client.commonclient.connection.ConnectionService.open(ConnectionService.java:177)
	at nl.han.asd.project.client.commonclient.connection.ConnectionServiceTest.TestHost(ConnectionServiceTest.java:78)
	at sun.reflect.NativeMethodAccessorImpl.invoke0(Native Method)
	at sun.reflect.NativeMethodAccessorImpl.invoke(NativeMethodAccessorImpl.java:62)
	at sun.reflect.DelegatingMethodAccessorImpl.invoke(DelegatingMethodAccessorImpl.java:43)
	at java.lang.reflect.Method.invoke(Method.java:497)
	at org.junit.runners.model.FrameworkMethod$1.runReflectiveCall(FrameworkMethod.java:50)
	at org.junit.internal.runners.model.ReflectiveCallable.run(ReflectiveCallable.java:12)
	at org.junit.runners.model.FrameworkMethod.invokeExplosively(FrameworkMethod.java:47)
	at org.junit.internal.runners.statements.InvokeMethod.evaluate(InvokeMethod.java:17)
	at org.junit.internal.runners.statements.ExpectException.evaluate(ExpectException.java:19)
	at org.junit.internal.runners.statements.RunBefores.evaluate(RunBefores.java:26)
	at org.junit.internal.runners.statements.RunAfters.evaluate(RunAfters.java:27)
	at org.junit.runners.ParentRunner.runLeaf(ParentRunner.java:325)
	at org.junit.runners.BlockJUnit4ClassRunner.runChild(BlockJUnit4ClassRunner.java:78)
	at org.junit.runners.BlockJUnit4ClassRunner.runChild(BlockJUnit4ClassRunner.java:57)
	at org.junit.runners.ParentRunner$3.run(ParentRunner.java:290)
	at org.junit.runners.ParentRunner$1.schedule(ParentRunner.java:71)
	at org.junit.runners.ParentRunner.runChildren(ParentRunner.java:288)
	at org.junit.runners.ParentRunner.access$000(ParentRunner.java:58)
	at org.junit.runners.ParentRunner$2.evaluate(ParentRunner.java:268)
	at org.junit.internal.runners.statements.RunBefores.evaluate(RunBefores.java:26)
	at org.junit.internal.runners.statements.RunAfters.evaluate(RunAfters.java:27)
	at org.junit.runners.ParentRunner.run(ParentRunner.java:363)
	at org.junit.runner.JUnitCore.run(JUnitCore.java:137)
	at com.intellij.junit4.JUnit4IdeaTestRunner.startRunnerWithArgs(JUnit4IdeaTestRunner.java:119)
	at com.intellij.junit4.JUnit4IdeaTestRunner.startRunnerWithArgs(JUnit4IdeaTestRunner.java:42)
	at com.intellij.rt.execution.junit.JUnitStarter.prepareStreamsAndStart(JUnitStarter.java:234)
	at com.intellij.rt.execution.junit.JUnitStarter.main(JUnitStarter.java:74)
	at sun.reflect.NativeMethodAccessorImpl.invoke0(Native Method)
	at sun.reflect.NativeMethodAccessorImpl.invoke(NativeMethodAccessorImpl.java:62)
	at sun.reflect.DelegatingMethodAccessorImpl.invoke(DelegatingMethodAccessorImpl.java:43)
	at java.lang.reflect.Method.invoke(Method.java:497)
	at com.intellij.rt.execution.application.AppMain.main(AppMain.java:144)
0    [main] ERROR nl.han.asd.project.client.commonclient.connection.Connection  - Connection refused: connect
java.net.ConnectException: Connection refused: connect
	at java.net.DualStackPlainSocketImpl.connect0(Native Method)
	at java.net.DualStackPlainSocketImpl.socketConnect(DualStackPlainSocketImpl.java:79)
	at java.net.AbstractPlainSocketImpl.doConnect(AbstractPlainSocketImpl.java:350)
	at java.net.AbstractPlainSocketImpl.connectToAddress(AbstractPlainSocketImpl.java:206)
	at java.net.AbstractPlainSocketImpl.connect(AbstractPlainSocketImpl.java:188)
	at java.net.PlainSocketImpl.connect(PlainSocketImpl.java:172)
	at java.net.SocksSocketImpl.connect(SocksSocketImpl.java:392)
	at java.net.Socket.connect(Socket.java:589)
	at java.net.Socket.connect(Socket.java:538)
	at java.net.Socket.<init>(Socket.java:434)
	at java.net.Socket.<init>(Socket.java:211)
	at nl.han.asd.project.client.commonclient.connection.Connection.open(Connection.java:52)
	at nl.han.asd.project.client.commonclient.connection.ConnectionService.open(ConnectionService.java:177)
	at nl.han.asd.project.client.commonclient.connection.ConnectionServiceTest.TestInvalidIP(ConnectionServiceTest.java:126)
	at sun.reflect.NativeMethodAccessorImpl.invoke0(Native Method)
	at sun.reflect.NativeMethodAccessorImpl.invoke(NativeMethodAccessorImpl.java:62)
	at sun.reflect.DelegatingMethodAccessorImpl.invoke(DelegatingMethodAccessorImpl.java:43)
	at java.lang.reflect.Method.invoke(Method.java:497)
	at org.junit.runners.model.FrameworkMethod$1.runReflectiveCall(FrameworkMethod.java:50)
	at org.junit.internal.runners.model.ReflectiveCallable.run(ReflectiveCallable.java:12)
	at org.junit.runners.model.FrameworkMethod.invokeExplosively(FrameworkMethod.java:47)
	at org.junit.internal.runners.statements.InvokeMethod.evaluate(InvokeMethod.java:17)
	at org.junit.internal.runners.statements.ExpectException.evaluate(ExpectException.java:19)
	at org.junit.internal.runners.statements.RunBefores.evaluate(RunBefores.java:26)
	at org.junit.internal.runners.statements.RunAfters.evaluate(RunAfters.java:27)
	at org.junit.runners.ParentRunner.runLeaf(ParentRunner.java:325)
	at org.junit.runners.BlockJUnit4ClassRunner.runChild(BlockJUnit4ClassRunner.java:78)
	at org.junit.runners.BlockJUnit4ClassRunner.runChild(BlockJUnit4ClassRunner.java:57)
	at org.junit.runners.ParentRunner$3.run(ParentRunner.java:290)
	at org.junit.runners.ParentRunner$1.schedule(ParentRunner.java:71)
	at org.junit.runners.ParentRunner.runChildren(ParentRunner.java:288)
	at org.junit.runners.ParentRunner.access$000(ParentRunner.java:58)
	at org.junit.runners.ParentRunner$2.evaluate(ParentRunner.java:268)
	at org.junit.internal.runners.statements.RunBefores.evaluate(RunBefores.java:26)
	at org.junit.internal.runners.statements.RunAfters.evaluate(RunAfters.java:27)
	at org.junit.runners.ParentRunner.run(ParentRunner.java:363)
	at org.junit.runner.JUnitCore.run(JUnitCore.java:137)
	at com.intellij.junit4.JUnit4IdeaTestRunner.startRunnerWithArgs(JUnit4IdeaTestRunner.java:119)
	at com.intellij.junit4.JUnit4IdeaTestRunner.startRunnerWithArgs(JUnit4IdeaTestRunner.java:42)
	at com.intellij.rt.execution.junit.JUnitStarter.prepareStreamsAndStart(JUnitStarter.java:234)
	at com.intellij.rt.execution.junit.JUnitStarter.main(JUnitStarter.java:74)
	at sun.reflect.NativeMethodAccessorImpl.invoke0(Native Method)
	at sun.reflect.NativeMethodAccessorImpl.invoke(NativeMethodAccessorImpl.java:62)
	at sun.reflect.DelegatingMethodAccessorImpl.invoke(DelegatingMethodAccessorImpl.java:43)
	at java.lang.reflect.Method.invoke(Method.java:497)
	at com.intellij.rt.execution.application.AppMain.main(AppMain.java:144)
0    [main] ERROR nl.han.asd.project.client.commonclient.connection.Connection  - Connection refused: connect
java.net.ConnectException: Connection refused: connect
	at java.net.DualStackPlainSocketImpl.connect0(Native Method)
	at java.net.DualStackPlainSocketImpl.socketConnect(DualStackPlainSocketImpl.java:79)
	at java.net.AbstractPlainSocketImpl.doConnect(AbstractPlainSocketImpl.java:350)
	at java.net.AbstractPlainSocketImpl.connectToAddress(AbstractPlainSocketImpl.java:206)
	at java.net.AbstractPlainSocketImpl.connect(AbstractPlainSocketImpl.java:188)
	at java.net.PlainSocketImpl.connect(PlainSocketImpl.java:172)
	at java.net.SocksSocketImpl.connect(SocksSocketImpl.java:392)
	at java.net.Socket.connect(Socket.java:589)
	at java.net.Socket.connect(Socket.java:538)
	at java.net.Socket.<init>(Socket.java:434)
	at java.net.Socket.<init>(Socket.java:211)
	at nl.han.asd.project.client.commonclient.connection.Connection.open(Connection.java:52)
	at nl.han.asd.project.client.commonclient.connection.ConnectionService.open(ConnectionService.java:177)
	at nl.han.asd.project.client.commonclient.connection.ConnectionServiceTest.TestInvalidIP(ConnectionServiceTest.java:126)
	at sun.reflect.NativeMethodAccessorImpl.invoke0(Native Method)
	at sun.reflect.NativeMethodAccessorImpl.invoke(NativeMethodAccessorImpl.java:62)
	at sun.reflect.DelegatingMethodAccessorImpl.invoke(DelegatingMethodAccessorImpl.java:43)
	at java.lang.reflect.Method.invoke(Method.java:497)
	at org.junit.runners.model.FrameworkMethod$1.runReflectiveCall(FrameworkMethod.java:50)
	at org.junit.internal.runners.model.ReflectiveCallable.run(ReflectiveCallable.java:12)
	at org.junit.runners.model.FrameworkMethod.invokeExplosively(FrameworkMethod.java:47)
	at org.junit.internal.runners.statements.InvokeMethod.evaluate(InvokeMethod.java:17)
	at org.junit.internal.runners.statements.ExpectException.evaluate(ExpectException.java:19)
	at org.junit.internal.runners.statements.RunBefores.evaluate(RunBefores.java:26)
	at org.junit.internal.runners.statements.RunAfters.evaluate(RunAfters.java:27)
	at org.junit.runners.ParentRunner.runLeaf(ParentRunner.java:325)
	at org.junit.runners.BlockJUnit4ClassRunner.runChild(BlockJUnit4ClassRunner.java:78)
	at org.junit.runners.BlockJUnit4ClassRunner.runChild(BlockJUnit4ClassRunner.java:57)
	at org.junit.runners.ParentRunner$3.run(ParentRunner.java:290)
	at org.junit.runners.ParentRunner$1.schedule(ParentRunner.java:71)
	at org.junit.runners.ParentRunner.runChildren(ParentRunner.java:288)
	at org.junit.runners.ParentRunner.access$000(ParentRunner.java:58)
	at org.junit.runners.ParentRunner$2.evaluate(ParentRunner.java:268)
	at org.junit.internal.runners.statements.RunBefores.evaluate(RunBefores.java:26)
	at org.junit.internal.runners.statements.RunAfters.evaluate(RunAfters.java:27)
	at org.junit.runners.ParentRunner.run(ParentRunner.java:363)
	at org.junit.runner.JUnitCore.run(JUnitCore.java:137)
	at com.intellij.junit4.JUnit4IdeaTestRunner.startRunnerWithArgs(JUnit4IdeaTestRunner.java:119)
	at com.intellij.junit4.JUnit4IdeaTestRunner.startRunnerWithArgs(JUnit4IdeaTestRunner.java:42)
	at com.intellij.rt.execution.junit.JUnitStarter.prepareStreamsAndStart(JUnitStarter.java:234)
	at com.intellij.rt.execution.junit.JUnitStarter.main(JUnitStarter.java:74)
	at sun.reflect.NativeMethodAccessorImpl.invoke0(Native Method)
	at sun.reflect.NativeMethodAccessorImpl.invoke(NativeMethodAccessorImpl.java:62)
	at sun.reflect.DelegatingMethodAccessorImpl.invoke(DelegatingMethodAccessorImpl.java:43)
	at java.lang.reflect.Method.invoke(Method.java:497)
	at com.intellij.rt.execution.application.AppMain.main(AppMain.java:144)
1    [main] ERROR nl.han.asd.project.client.commonclient.connection.Connection  - Connection refused: connect
java.net.ConnectException: Connection refused: connect
	at java.net.DualStackPlainSocketImpl.connect0(Native Method)
	at java.net.DualStackPlainSocketImpl.socketConnect(DualStackPlainSocketImpl.java:79)
	at java.net.AbstractPlainSocketImpl.doConnect(AbstractPlainSocketImpl.java:350)
	at java.net.AbstractPlainSocketImpl.connectToAddress(AbstractPlainSocketImpl.java:206)
	at java.net.AbstractPlainSocketImpl.connect(AbstractPlainSocketImpl.java:188)
	at java.net.PlainSocketImpl.connect(PlainSocketImpl.java:172)
	at java.net.SocksSocketImpl.connect(SocksSocketImpl.java:392)
	at java.net.Socket.connect(Socket.java:589)
	at java.net.Socket.connect(Socket.java:538)
	at java.net.Socket.<init>(Socket.java:434)
	at java.net.Socket.<init>(Socket.java:211)
	at nl.han.asd.project.client.commonclient.connection.Connection.open(Connection.java:52)
	at nl.han.asd.project.client.commonclient.connection.ConnectionService.open(ConnectionService.java:177)
	at nl.han.asd.project.client.commonclient.connection.ConnectionServiceTest.TestInvalidIP(ConnectionServiceTest.java:126)
	at sun.reflect.NativeMethodAccessorImpl.invoke0(Native Method)
	at sun.reflect.NativeMethodAccessorImpl.invoke(NativeMethodAccessorImpl.java:62)
	at sun.reflect.DelegatingMethodAccessorImpl.invoke(DelegatingMethodAccessorImpl.java:43)
	at java.lang.reflect.Method.invoke(Method.java:497)
	at org.junit.runners.model.FrameworkMethod$1.runReflectiveCall(FrameworkMethod.java:50)
	at org.junit.internal.runners.model.ReflectiveCallable.run(ReflectiveCallable.java:12)
	at org.junit.runners.model.FrameworkMethod.invokeExplosively(FrameworkMethod.java:47)
	at org.junit.internal.runners.statements.InvokeMethod.evaluate(InvokeMethod.java:17)
	at org.junit.internal.runners.statements.ExpectException.evaluate(ExpectException.java:19)
	at org.junit.internal.runners.statements.RunBefores.evaluate(RunBefores.java:26)
	at org.junit.internal.runners.statements.RunAfters.evaluate(RunAfters.java:27)
	at org.junit.runners.ParentRunner.runLeaf(ParentRunner.java:325)
	at org.junit.runners.BlockJUnit4ClassRunner.runChild(BlockJUnit4ClassRunner.java:78)
	at org.junit.runners.BlockJUnit4ClassRunner.runChild(BlockJUnit4ClassRunner.java:57)
	at org.junit.runners.ParentRunner$3.run(ParentRunner.java:290)
	at org.junit.runners.ParentRunner$1.schedule(ParentRunner.java:71)
	at org.junit.runners.ParentRunner.runChildren(ParentRunner.java:288)
	at org.junit.runners.ParentRunner.access$000(ParentRunner.java:58)
	at org.junit.runners.ParentRunner$2.evaluate(ParentRunner.java:268)
	at org.junit.internal.runners.statements.RunBefores.evaluate(RunBefores.java:26)
	at org.junit.internal.runners.statements.RunAfters.evaluate(RunAfters.java:27)
	at org.junit.runners.ParentRunner.run(ParentRunner.java:363)
	at org.junit.runners.Suite.runChild(Suite.java:128)
	at org.junit.runners.Suite.runChild(Suite.java:27)
	at org.junit.runners.ParentRunner$3.run(ParentRunner.java:290)
	at org.junit.runners.ParentRunner$1.schedule(ParentRunner.java:71)
	at org.junit.runners.ParentRunner.runChildren(ParentRunner.java:288)
	at org.junit.runners.ParentRunner.access$000(ParentRunner.java:58)
	at org.junit.runners.ParentRunner$2.evaluate(ParentRunner.java:268)
	at org.junit.runners.ParentRunner.run(ParentRunner.java:363)
	at org.junit.runner.JUnitCore.run(JUnitCore.java:137)
	at com.intellij.junit4.JUnit4IdeaTestRunner.startRunnerWithArgs(JUnit4IdeaTestRunner.java:119)
	at com.intellij.junit4.JUnit4IdeaTestRunner.startRunnerWithArgs(JUnit4IdeaTestRunner.java:42)
	at com.intellij.rt.execution.junit.JUnitStarter.prepareStreamsAndStart(JUnitStarter.java:234)
	at com.intellij.rt.execution.junit.JUnitStarter.main(JUnitStarter.java:74)
	at sun.reflect.NativeMethodAccessorImpl.invoke0(Native Method)
	at sun.reflect.NativeMethodAccessorImpl.invoke(NativeMethodAccessorImpl.java:62)
	at sun.reflect.DelegatingMethodAccessorImpl.invoke(DelegatingMethodAccessorImpl.java:43)
	at java.lang.reflect.Method.invoke(Method.java:497)
	at com.intellij.rt.execution.application.AppMain.main(AppMain.java:144)
466  [Time-limited test] WARN  com.xebialabs.overcast.PropertiesLoader  - File C:\Users\Niels Bokmans\.overcast\overcast.conf not found.
466  [Time-limited test] INFO  com.xebialabs.overcast.PropertiesLoader  - Loading from file C:\Users\Niels Bokmans\Documents\commonclient\overcast.conf
481  [Time-limited test] WARN  com.xebialabs.overcast.PropertiesLoader  - File 'overcast.conf' not found on classpath.
14416 [main] INFO  nl.han.asd.project.client.commonclient.presentation.PresentationLayer  - Registering failed!
14417 [main] INFO  nl.han.asd.project.client.commonclient.presentation.PresentationLayer  - Username already exists, registering failed.
14417 [main] INFO  nl.han.asd.project.client.commonclient.presentation.PresentationLayer  - Registering worked!
0    [main] WARN  com.xebialabs.overcast.PropertiesLoader  - File C:\Users\Niels Bokmans\.overcast\overcast.conf not found.
2    [main] INFO  com.xebialabs.overcast.PropertiesLoader  - Loading from file C:\Users\Niels Bokmans\Documents\commonclient\overcast.conf
25   [main] WARN  com.xebialabs.overcast.PropertiesLoader  - File 'overcast.conf' not found on classpath.
0    [main] WARN  com.xebialabs.overcast.PropertiesLoader  - File C:\Users\Niels Bokmans\.overcast\overcast.conf not found.
1    [main] INFO  com.xebialabs.overcast.PropertiesLoader  - Loading from file C:\Users\Niels Bokmans\Documents\commonclient\overcast.conf
25   [main] WARN  com.xebialabs.overcast.PropertiesLoader  - File 'overcast.conf' not found on classpath.
0    [main] WARN  com.xebialabs.overcast.PropertiesLoader  - File C:\Users\Niels Bokmans\.overcast\overcast.conf not found.
1    [main] INFO  com.xebialabs.overcast.PropertiesLoader  - Loading from file C:\Users\Niels Bokmans\Documents\commonclient\overcast.conf
20   [main] WARN  com.xebialabs.overcast.PropertiesLoader  - File 'overcast.conf' not found on classpath.
0    [main] WARN  com.xebialabs.overcast.PropertiesLoader  - File C:\Users\Niels Bokmans\.overcast\overcast.conf not found.
1    [main] INFO  com.xebialabs.overcast.PropertiesLoader  - Loading from file C:\Users\Niels Bokmans\Documents\commonclient\overcast.conf
22   [main] WARN  com.xebialabs.overcast.PropertiesLoader  - File 'overcast.conf' not found on classpath.
1    [main] ERROR nl.han.asd.project.client.commonclient.connection.Connection  - Connection refused: connect
java.net.ConnectException: Connection refused: connect
	at java.net.DualStackPlainSocketImpl.connect0(Native Method)
	at java.net.DualStackPlainSocketImpl.socketConnect(DualStackPlainSocketImpl.java:79)
	at java.net.AbstractPlainSocketImpl.doConnect(AbstractPlainSocketImpl.java:350)
	at java.net.AbstractPlainSocketImpl.connectToAddress(AbstractPlainSocketImpl.java:206)
	at java.net.AbstractPlainSocketImpl.connect(AbstractPlainSocketImpl.java:188)
	at java.net.PlainSocketImpl.connect(PlainSocketImpl.java:172)
	at java.net.SocksSocketImpl.connect(SocksSocketImpl.java:392)
	at java.net.Socket.connect(Socket.java:589)
	at java.net.Socket.connect(Socket.java:538)
	at java.net.Socket.<init>(Socket.java:434)
	at java.net.Socket.<init>(Socket.java:211)
	at nl.han.asd.project.client.commonclient.connection.Connection.open(Connection.java:52)
	at nl.han.asd.project.client.commonclient.connection.ConnectionService.open(ConnectionService.java:177)
	at nl.han.asd.project.client.commonclient.connection.ConnectionServiceTest.TestInvalidIP(ConnectionServiceTest.java:126)
	at sun.reflect.NativeMethodAccessorImpl.invoke0(Native Method)
	at sun.reflect.NativeMethodAccessorImpl.invoke(NativeMethodAccessorImpl.java:62)
	at sun.reflect.DelegatingMethodAccessorImpl.invoke(DelegatingMethodAccessorImpl.java:43)
	at java.lang.reflect.Method.invoke(Method.java:497)
	at org.junit.runners.model.FrameworkMethod$1.runReflectiveCall(FrameworkMethod.java:50)
	at org.junit.internal.runners.model.ReflectiveCallable.run(ReflectiveCallable.java:12)
	at org.junit.runners.model.FrameworkMethod.invokeExplosively(FrameworkMethod.java:47)
	at org.junit.internal.runners.statements.InvokeMethod.evaluate(InvokeMethod.java:17)
	at org.junit.internal.runners.statements.ExpectException.evaluate(ExpectException.java:19)
	at org.junit.internal.runners.statements.RunBefores.evaluate(RunBefores.java:26)
	at org.junit.internal.runners.statements.RunAfters.evaluate(RunAfters.java:27)
	at org.junit.runners.ParentRunner.runLeaf(ParentRunner.java:325)
	at org.junit.runners.BlockJUnit4ClassRunner.runChild(BlockJUnit4ClassRunner.java:78)
	at org.junit.runners.BlockJUnit4ClassRunner.runChild(BlockJUnit4ClassRunner.java:57)
	at org.junit.runners.ParentRunner$3.run(ParentRunner.java:290)
	at org.junit.runners.ParentRunner$1.schedule(ParentRunner.java:71)
	at org.junit.runners.ParentRunner.runChildren(ParentRunner.java:288)
	at org.junit.runners.ParentRunner.access$000(ParentRunner.java:58)
	at org.junit.runners.ParentRunner$2.evaluate(ParentRunner.java:268)
	at org.junit.internal.runners.statements.RunBefores.evaluate(RunBefores.java:26)
	at org.junit.internal.runners.statements.RunAfters.evaluate(RunAfters.java:27)
	at org.junit.runners.ParentRunner.run(ParentRunner.java:363)
	at org.junit.runners.Suite.runChild(Suite.java:128)
	at org.junit.runners.Suite.runChild(Suite.java:27)
	at org.junit.runners.ParentRunner$3.run(ParentRunner.java:290)
	at org.junit.runners.ParentRunner$1.schedule(ParentRunner.java:71)
	at org.junit.runners.ParentRunner.runChildren(ParentRunner.java:288)
	at org.junit.runners.ParentRunner.access$000(ParentRunner.java:58)
	at org.junit.runners.ParentRunner$2.evaluate(ParentRunner.java:268)
	at org.junit.runners.ParentRunner.run(ParentRunner.java:363)
	at org.junit.runner.JUnitCore.run(JUnitCore.java:137)
	at com.intellij.junit4.JUnit4IdeaTestRunner.startRunnerWithArgs(JUnit4IdeaTestRunner.java:119)
	at com.intellij.junit4.JUnit4IdeaTestRunner.startRunnerWithArgs(JUnit4IdeaTestRunner.java:42)
	at com.intellij.rt.execution.junit.JUnitStarter.prepareStreamsAndStart(JUnitStarter.java:234)
	at com.intellij.rt.execution.junit.JUnitStarter.main(JUnitStarter.java:74)
	at sun.reflect.NativeMethodAccessorImpl.invoke0(Native Method)
	at sun.reflect.NativeMethodAccessorImpl.invoke(NativeMethodAccessorImpl.java:62)
	at sun.reflect.DelegatingMethodAccessorImpl.invoke(DelegatingMethodAccessorImpl.java:43)
	at java.lang.reflect.Method.invoke(Method.java:497)
	at com.intellij.rt.execution.application.AppMain.main(AppMain.java:144)
424  [Time-limited test] WARN  com.xebialabs.overcast.PropertiesLoader  - File C:\Users\Niels Bokmans\.overcast\overcast.conf not found.
425  [Time-limited test] INFO  com.xebialabs.overcast.PropertiesLoader  - Loading from file C:\Users\Niels Bokmans\Documents\commonclient\overcast.conf
437  [Time-limited test] WARN  com.xebialabs.overcast.PropertiesLoader  - File 'overcast.conf' not found on classpath.
15651 [main] INFO  nl.han.asd.project.client.commonclient.presentation.PresentationLayer  - Registering failed!
15651 [main] INFO  nl.han.asd.project.client.commonclient.presentation.PresentationLayer  - Username already exists, registering failed.
15652 [main] INFO  nl.han.asd.project.client.commonclient.presentation.PresentationLayer  - Registering worked!
0    [main] ERROR nl.han.asd.project.commonservices.encryption.internal.AsymmetricEncryption  - Exception during decryption [java.security.InvalidKeyException: invalid key format].
59   [main] ERROR nl.han.asd.project.commonservices.encryption.internal.AsymmetricEncryption  - Exception during decryption [Data must not be longer than 64 bytes].
0    [main] ERROR nl.han.asd.project.commonservices.encryption.internal.AsymmetricEncryption  - Exception during decryption [Data must not be longer than 64 bytes].
0    [main] ERROR nl.han.asd.project.commonservices.encryption.internal.AsymmetricEncryption  - Exception during decryption [java.security.InvalidKeyException: invalid key format].
63   [main] ERROR nl.han.asd.project.commonservices.encryption.internal.AsymmetricEncryption  - Exception during decryption [Data must not be longer than 64 bytes].
144  [main] ERROR nl.han.asd.project.commonservices.encryption.internal.AsymmetricEncryption  - Exception during decryption [Data must not be longer than 64 bytes].
0    [main] ERROR nl.han.asd.project.commonservices.encryption.internal.AsymmetricEncryption  - Exception during decryption [java.security.InvalidKeyException: invalid key format].
62   [main] ERROR nl.han.asd.project.commonservices.encryption.internal.AsymmetricEncryption  - Exception during decryption [Data must not be longer than 64 bytes].
102  [main] ERROR nl.han.asd.project.commonservices.encryption.internal.AsymmetricEncryption  - Exception during decryption [Data must not be longer than 64 bytes].
0    [main] ERROR nl.han.asd.project.commonservices.encryption.internal.AsymmetricEncryption  - Exception during decryption [java.security.InvalidKeyException: invalid key format].
51   [main] ERROR nl.han.asd.project.commonservices.encryption.internal.AsymmetricEncryption  - Exception during decryption [Data must not be longer than 64 bytes].
86   [main] ERROR nl.han.asd.project.commonservices.encryption.internal.AsymmetricEncryption  - Exception during decryption [Data must not be longer than 64 bytes].
0    [main] ERROR nl.han.asd.project.commonservices.encryption.internal.AsymmetricEncryption  - Exception during decryption [java.security.InvalidKeyException: invalid key format].
62   [main] ERROR nl.han.asd.project.commonservices.encryption.internal.AsymmetricEncryption  - Exception during decryption [Data must not be longer than 64 bytes].
0    [main] ERROR nl.han.asd.project.commonservices.encryption.internal.AsymmetricEncryption  - Exception during decryption [java.security.InvalidKeyException: invalid key format].
48   [main] ERROR nl.han.asd.project.commonservices.encryption.internal.AsymmetricEncryption  - Exception during decryption [Data must not be longer than 64 bytes].
0    [main] ERROR nl.han.asd.project.commonservices.encryption.internal.AsymmetricEncryption  - Exception during decryption [java.security.InvalidKeyException: invalid key format].
59   [main] ERROR nl.han.asd.project.commonservices.encryption.internal.AsymmetricEncryption  - Exception during decryption [Data must not be longer than 64 bytes].
0    [main] ERROR nl.han.asd.project.commonservices.encryption.internal.AsymmetricEncryption  - Exception during decryption [java.security.InvalidKeyException: invalid key format].
0    [main] ERROR nl.han.asd.project.commonservices.encryption.internal.AsymmetricEncryption  - Exception during decryption [Data must not be longer than 64 bytes].
0    [main] ERROR nl.han.asd.project.commonservices.encryption.internal.AsymmetricEncryption  - Exception during decryption [Data must not be longer than 64 bytes].
38   [main] ERROR nl.han.asd.project.commonservices.encryption.internal.AsymmetricEncryption  - Exception during decryption [Data must not be longer than 64 bytes].
0    [main] ERROR nl.han.asd.project.commonservices.encryption.internal.AsymmetricEncryption  - Exception during decryption [Data must not be longer than 64 bytes].
77   [main] ERROR nl.han.asd.project.commonservices.encryption.internal.AsymmetricEncryption  - Exception during decryption [Data must not be longer than 64 bytes].
0    [main] ERROR nl.han.asd.project.commonservices.encryption.internal.AsymmetricEncryption  - Exception during decryption [Data must not be longer than 64 bytes].
0    [main] ERROR nl.han.asd.project.commonservices.encryption.internal.AsymmetricEncryption  - Exception during decryption [Data must not be longer than 64 bytes].
0    [main] ERROR nl.han.asd.project.commonservices.encryption.internal.AsymmetricEncryption  - Exception during decryption [Data must not be longer than 64 bytes].
0    [main] ERROR nl.han.asd.project.commonservices.encryption.internal.AsymmetricEncryption  - Exception during decryption [Data must not be longer than 64 bytes].
0    [main] ERROR nl.han.asd.project.commonservices.encryption.internal.AsymmetricEncryption  - Exception during decryption [Data must not be longer than 64 bytes].
0    [main] ERROR nl.han.asd.project.commonservices.encryption.internal.AsymmetricEncryption  - Exception during decryption [Data must not be longer than 64 bytes].
0    [main] ERROR nl.han.asd.project.commonservices.encryption.internal.AsymmetricEncryption  - Exception during decryption [Data must not be longer than 64 bytes].
0    [main] ERROR nl.han.asd.project.commonservices.encryption.internal.AsymmetricEncryption  - Exception during decryption [Data must not be longer than 64 bytes].
0    [main] ERROR nl.han.asd.project.commonservices.encryption.internal.AsymmetricEncryption  - Exception during decryption [Data must not be longer than 64 bytes].
